<?xml version="1.0" encoding="UTF-8"?>
<!-- Generated by org.testng.reporters.JUnitReportReporter -->
<testsuite hostname="DESKTOP-VKQLNKF" failures="0" tests="2" name="EndToEnd.FrameworkE2E.Homepage" time="15.008" errors="0" timestamp="2021-04-09T13:30:04 EDT" skipped="0">
  <testcase classname="EndToEnd.FrameworkE2E.Homepage" name="basePageNavigation" time="4.886"/>
  <system-out/>
  <testcase classname="EndToEnd.FrameworkE2E.Homepage" name="basePageNavigation" time="10.122"/>
  <system-out/>
</testsuite> <!-- EndToEnd.FrameworkE2E.Homepage -->
